2018-11-06 15:31:35,200 INFO o.a.j.u.JMeterUtils: Setting Locale to en_EN
2018-11-06 15:31:35,216 INFO o.a.j.JMeter: Loading user properties from: /home/user/apache-jmeter/bin/user.properties
2018-11-06 15:31:35,216 INFO o.a.j.JMeter: Loading system properties from: /home/user/apache-jmeter/bin/system.properties
2018-11-06 15:31:35,223 INFO o.a.j.JMeter: Copyright (c) 1998-2018 The Apache Software Foundation
2018-11-06 15:31:35,223 INFO o.a.j.JMeter: Version 5.0 r1840935
2018-11-06 15:31:35,223 INFO o.a.j.JMeter: java.version=1.8.0_191
2018-11-06 15:31:35,223 INFO o.a.j.JMeter: java.vm.name=Java HotSpot(TM) 64-Bit Server VM
2018-11-06 15:31:35,223 INFO o.a.j.JMeter: os.name=Linux
2018-11-06 15:31:35,223 INFO o.a.j.JMeter: os.arch=amd64
2018-11-06 15:31:35,223 INFO o.a.j.JMeter: os.version=4.13.0-36-generic
2018-11-06 15:31:35,224 INFO o.a.j.JMeter: file.encoding=UTF-8
2018-11-06 15:31:35,224 INFO o.a.j.JMeter: Max memory     =1073741824
2018-11-06 15:31:35,224 INFO o.a.j.JMeter: Available Processors =4
2018-11-06 15:31:35,229 INFO o.a.j.JMeter: Default Locale=English (EN)
2018-11-06 15:31:35,229 INFO o.a.j.JMeter: JMeter  Locale=English (EN)
2018-11-06 15:31:35,230 INFO o.a.j.JMeter: JMeterHome=/home/user/apache-jmeter
2018-11-06 15:31:35,230 INFO o.a.j.JMeter: user.dir  =/home/user/java_mongo_jenkins
2018-11-06 15:31:35,230 INFO o.a.j.JMeter: PWD       =/home/user/java_mongo_jenkins
2018-11-06 15:31:35,230 INFO o.a.j.JMeter: IP: 127.0.1.1 Name: user-Latitude-E5440 FullName: user-Latitude-E5440
2018-11-06 15:31:35,234 INFO o.a.j.s.FileServer: Default base='/home/user/java_mongo_jenkins'
2018-11-06 15:31:35,239 INFO o.a.j.s.FileServer: Set new base='/home/user/java_mongo_jenkins'
2018-11-06 15:31:35,401 INFO o.a.j.s.SaveService: Testplan (JMX) version: 2.2. Testlog (JTL) version: 2.2
2018-11-06 15:31:35,413 INFO o.a.j.s.SaveService: Using SaveService properties file encoding UTF-8
2018-11-06 15:31:35,417 INFO o.a.j.s.SaveService: Using SaveService properties version 5.0
2018-11-06 15:31:35,423 INFO o.a.j.s.SaveService: Loading file: test-mongo.jmx
2018-11-06 15:31:35,489 INFO o.a.j.JMeter: Creating summariser <summary>
2018-11-06 15:31:35,494 INFO o.a.j.e.StandardJMeterEngine: Running the test!
2018-11-06 15:31:35,496 INFO o.a.j.s.SampleEvent: List of sample_variables: []
2018-11-06 15:31:35,496 INFO o.a.j.s.SampleEvent: List of sample_variables: []
2018-11-06 15:31:35,502 INFO o.a.j.e.u.CompoundVariable: Note: Function class names must contain the string: '.functions.'
2018-11-06 15:31:35,502 INFO o.a.j.e.u.CompoundVariable: Note: Function class names must not contain the string: '.gui.'
2018-11-06 15:31:36,135 INFO o.a.j.JMeter: Running test (1541498496135)
2018-11-06 15:31:36,174 INFO o.a.j.e.StandardJMeterEngine: Starting ThreadGroup: 1 : Thread Group
2018-11-06 15:31:36,174 INFO o.a.j.e.StandardJMeterEngine: Starting 5 threads for group Thread Group.
2018-11-06 15:31:36,174 INFO o.a.j.e.StandardJMeterEngine: Thread will continue on error
2018-11-06 15:31:36,174 INFO o.a.j.t.ThreadGroup: Starting thread group... number=1 threads=5 ramp-up=1 perThread=200.0 delayedStart=false
2018-11-06 15:31:36,181 INFO o.a.j.t.ThreadGroup: Started thread group number 1
2018-11-06 15:31:36,181 INFO o.a.j.e.StandardJMeterEngine: All thread groups have been started
2018-11-06 15:31:36,182 INFO o.a.j.t.JMeterThread: Thread started: Thread Group 1-1
2018-11-06 15:31:36,185 INFO o.a.j.s.SampleResult: Note: Sample TimeStamps are START times
2018-11-06 15:31:36,185 INFO o.a.j.s.SampleResult: sampleresult.default.encoding is set to ISO-8859-1
2018-11-06 15:31:36,185 INFO o.a.j.s.SampleResult: sampleresult.useNanoTime=true
2018-11-06 15:31:36,185 INFO o.a.j.s.SampleResult: sampleresult.nanoThreadSleep=5000
2018-11-06 15:31:36,382 INFO o.a.j.t.JMeterThread: Thread started: Thread Group 1-2
2018-11-06 15:31:36,582 INFO o.a.j.t.JMeterThread: Thread started: Thread Group 1-3
2018-11-06 15:31:36,782 INFO o.a.j.t.JMeterThread: Thread started: Thread Group 1-4
2018-11-06 15:31:36,982 INFO o.a.j.t.JMeterThread: Thread started: Thread Group 1-5
2018-11-06 15:31:56,069 INFO o.a.j.t.JMeterThread: Thread is done: Thread Group 1-3
2018-11-06 15:31:56,069 INFO o.a.j.t.JMeterThread: Thread is done: Thread Group 1-1
2018-11-06 15:31:56,069 INFO o.a.j.t.JMeterThread: Thread finished: Thread Group 1-1
2018-11-06 15:31:56,070 INFO o.a.j.t.JMeterThread: Thread finished: Thread Group 1-3
2018-11-06 15:31:56,661 INFO o.a.j.t.JMeterThread: Thread is done: Thread Group 1-2
2018-11-06 15:31:56,661 INFO o.a.j.t.JMeterThread: Thread finished: Thread Group 1-2
2018-11-06 15:31:56,768 INFO o.a.j.t.JMeterThread: Thread is done: Thread Group 1-5
2018-11-06 15:31:56,768 INFO o.a.j.t.JMeterThread: Thread finished: Thread Group 1-5
2018-11-06 15:31:57,071 INFO o.a.j.t.JMeterThread: Thread is done: Thread Group 1-4
2018-11-06 15:31:57,071 INFO o.a.j.t.JMeterThread: Thread finished: Thread Group 1-4
2018-11-06 15:31:57,072 INFO o.a.j.e.StandardJMeterEngine: Notifying test listeners of end of test
2018-11-06 15:31:57,074 INFO o.a.j.r.Summariser: summary =      5 in 00:00:21 =    0.2/s Avg: 19941 Min: 19480 Max: 20287 Err:     0 (0.00%)
